Removed Pin From Net: NetName=NetLED7_2 Pin=RA1-9
Removed Pin From Net: NetName=NetLED6_2 Pin=RA1-10
Removed Pin From Net: NetName=NetLED5_2 Pin=RA1-11
Removed Pin From Net: NetName=NetLED4_2 Pin=RA1-12
Removed Pin From Net: NetName=NetLED3_2 Pin=RA1-13
Removed Pin From Net: NetName=NetLED2_2 Pin=RA1-14
Removed Pin From Net: NetName=NetLED1_2 Pin=RA1-15
Removed Pin From Net: NetName=NetLED0_2 Pin=RA1-16
Removed Pin From Net: NetName=NetLED15_2 Pin=RA2-9
Removed Pin From Net: NetName=NetLED14_2 Pin=RA2-10
Removed Pin From Net: NetName=NetLED13_2 Pin=RA2-11
Removed Pin From Net: NetName=NetLED12_2 Pin=RA2-12
Removed Pin From Net: NetName=NetLED11_2 Pin=RA2-13
Removed Pin From Net: NetName=NetLED10_2 Pin=RA2-14
Removed Pin From Net: NetName=NetLED9_2 Pin=RA2-15
Removed Pin From Net: NetName=NetLED8_2 Pin=RA2-16
Removed Pin From Net: NetName=NetRA1_1 Pin=U2-6
Removed Pin From Net: NetName=NetRA1_2 Pin=U2-7
Removed Pin From Net: NetName=NetRA1_3 Pin=U2-8
Removed Pin From Net: NetName=NetRA1_4 Pin=U2-9
Removed Pin From Net: NetName=NetRA1_5 Pin=U2-10
Removed Pin From Net: NetName=NetRA1_6 Pin=U2-11
Removed Pin From Net: NetName=NetRA1_7 Pin=U2-12
Removed Pin From Net: NetName=NetRA1_8 Pin=U2-13
Removed Pin From Net: NetName=NetRA2_1 Pin=U2-15
Removed Pin From Net: NetName=NetRA2_2 Pin=U2-16
Removed Pin From Net: NetName=NetRA2_3 Pin=U2-17
Removed Pin From Net: NetName=NetRA2_4 Pin=U2-18
Removed Pin From Net: NetName=NetRA2_5 Pin=U2-19
Removed Pin From Net: NetName=NetRA2_6 Pin=U2-20
Removed Pin From Net: NetName=NetRA2_7 Pin=U2-21
Removed Pin From Net: NetName=NetRA2_8 Pin=U2-22
Added Pin To Net: NetName=NetLED0_2 Pin=RA1-9
Added Pin To Net: NetName=NetLED1_2 Pin=RA1-10
Added Pin To Net: NetName=NetLED2_2 Pin=RA1-11
Added Pin To Net: NetName=NetLED3_2 Pin=RA1-12
Added Pin To Net: NetName=NetLED4_2 Pin=RA1-13
Added Pin To Net: NetName=NetLED5_2 Pin=RA1-14
Added Pin To Net: NetName=NetLED6_2 Pin=RA1-15
Added Pin To Net: NetName=NetLED7_2 Pin=RA1-16
Added Pin To Net: NetName=NetLED8_2 Pin=RA2-9
Added Pin To Net: NetName=NetLED9_2 Pin=RA2-10
Added Pin To Net: NetName=NetLED10_2 Pin=RA2-11
Added Pin To Net: NetName=NetLED11_2 Pin=RA2-12
Added Pin To Net: NetName=NetLED12_2 Pin=RA2-13
Added Pin To Net: NetName=NetLED13_2 Pin=RA2-14
Added Pin To Net: NetName=NetLED14_2 Pin=RA2-15
Added Pin To Net: NetName=NetLED15_2 Pin=RA2-16
Added Pin To Net: NetName=NetRA1_8 Pin=U2-6
Added Pin To Net: NetName=NetRA1_7 Pin=U2-7
Added Pin To Net: NetName=NetRA1_6 Pin=U2-8
Added Pin To Net: NetName=NetRA1_5 Pin=U2-9
Added Pin To Net: NetName=NetRA1_4 Pin=U2-10
Added Pin To Net: NetName=NetRA1_3 Pin=U2-11
Added Pin To Net: NetName=NetRA1_2 Pin=U2-12
Added Pin To Net: NetName=NetRA1_1 Pin=U2-13
Added Pin To Net: NetName=NetRA2_8 Pin=U2-15
Added Pin To Net: NetName=NetRA2_7 Pin=U2-16
Added Pin To Net: NetName=NetRA2_6 Pin=U2-17
Added Pin To Net: NetName=NetRA2_5 Pin=U2-18
Added Pin To Net: NetName=NetRA2_4 Pin=U2-19
Added Pin To Net: NetName=NetRA2_3 Pin=U2-20
Added Pin To Net: NetName=NetRA2_2 Pin=U2-21
Added Pin To Net: NetName=NetRA2_1 Pin=U2-22
Added Room: Name=PumpkinV1
