Added Component: Designator=U2(TSSOP28)
Added Pin To Net: NetName=GND Pin=U2-1
Added Pin To Net: NetName=GND Pin=U2-2
Added Pin To Net: NetName=GND Pin=U2-3
Added Pin To Net: NetName=GND Pin=U2-4
Added Pin To Net: NetName=GND Pin=U2-5
Added Pin To Net: NetName=NetRA1_1 Pin=U2-6
Added Pin To Net: NetName=NetRA1_2 Pin=U2-7
Added Pin To Net: NetName=NetRA1_3 Pin=U2-8
Added Pin To Net: NetName=NetRA1_4 Pin=U2-9
Added Pin To Net: NetName=NetRA1_5 Pin=U2-10
Added Pin To Net: NetName=NetRA1_6 Pin=U2-11
Added Pin To Net: NetName=NetRA1_7 Pin=U2-12
Added Pin To Net: NetName=NetRA1_8 Pin=U2-13
Added Pin To Net: NetName=GND Pin=U2-14
Added Pin To Net: NetName=NetRA2_1 Pin=U2-15
Added Pin To Net: NetName=NetRA2_2 Pin=U2-16
Added Pin To Net: NetName=NetRA2_3 Pin=U2-17
Added Pin To Net: NetName=NetRA2_4 Pin=U2-18
Added Pin To Net: NetName=NetRA2_5 Pin=U2-19
Added Pin To Net: NetName=NetRA2_6 Pin=U2-20
Added Pin To Net: NetName=NetRA2_7 Pin=U2-21
Added Pin To Net: NetName=NetRA2_8 Pin=U2-22
Added Pin To Net: NetName=NetR?_2 Pin=U2-23
Added Pin To Net: NetName=GND Pin=U2-24
Added Pin To Net: NetName=GND Pin=U2-25
Added Pin To Net: NetName=NetICSP_5 Pin=U2-26
Added Pin To Net: NetName=NetICSP_4 Pin=U2-27
Added Pin To Net: NetName=VCC4V Pin=U2-28
Added Member To Class: ClassName=PumpkinV1 Member=Component U2 PCA9685PW
Added Room: Name=PumpkinV1
